0 info it worked if it ends with ok
1 verbose cli [ 'C:\\Program Files\\nodejs\\\\node.exe',
1 verbose cli   'C:\\Program Files\\nodejs\\node_modules\\npm\\bin\\npm-cli.js',
1 verbose cli   '-g',
1 verbose cli   'install',
1 verbose cli   'supervisor' ]
2 info using npm@1.4.28
3 info using node@v0.10.33
4 verbose node symlink C:\Program Files\nodejs\\node.exe
5 verbose cache add [ 'supervisor', null ]
6 verbose cache add name=undefined spec="supervisor" args=["supervisor",null]
7 verbose parsed url { protocol: null,
7 verbose parsed url   slashes: null,
7 verbose parsed url   auth: null,
7 verbose parsed url   host: null,
7 verbose parsed url   port: null,
7 verbose parsed url   hostname: null,
7 verbose parsed url   hash: null,
7 verbose parsed url   search: null,
7 verbose parsed url   query: null,
7 verbose parsed url   pathname: 'supervisor',
7 verbose parsed url   path: 'supervisor',
7 verbose parsed url   href: 'supervisor' }
8 silly lockFile 0f4d09e4-supervisor supervisor
9 verbose lock supervisor D:\nodejs\cache\0f4d09e4-supervisor.lock
10 silly lockFile 0f4d09e4-supervisor supervisor
11 silly lockFile 0f4d09e4-supervisor supervisor
12 verbose addNamed [ 'supervisor', '' ]
13 verbose addNamed [ null, '*' ]
14 silly lockFile b28163ae-supervisor supervisor@
15 verbose lock supervisor@ D:\nodejs\cache\b28163ae-supervisor.lock
16 silly addNameRange { name: 'supervisor', range: '*', hasData: false }
17 verbose request where is /supervisor
18 verbose request registry https://registry.npmjs.org/
19 verbose request id ac971b484a8b646e
20 verbose url raw /supervisor
21 verbose url resolving [ 'https://registry.npmjs.org/', './supervisor' ]
22 verbose url resolved https://registry.npmjs.org/supervisor
23 verbose request where is https://registry.npmjs.org/supervisor
24 info trying registry request attempt 1 at 15:59:57
25 http GET https://registry.npmjs.org/supervisor
26 http 200 https://registry.npmjs.org/supervisor
27 silly registry.get cb [ 200,
27 silly registry.get   { server: 'CouchDB/1.5.0 (Erlang OTP/R16B03)',
27 silly registry.get     etag: '"F2YM0KCQ1BABRN64VNOECEX1I"',
27 silly registry.get     'content-type': 'application/json',
27 silly registry.get     'cache-control': 'max-age=60',
27 silly registry.get     'content-length': '51067',
27 silly registry.get     'accept-ranges': 'bytes',
27 silly registry.get     date: 'Mon, 14 Sep 2015 08:00:06 GMT',
27 silly registry.get     via: '1.1 varnish',
27 silly registry.get     age: '0',
27 silly registry.get     connection: 'keep-alive',
27 silly registry.get     'x-served-by': 'cache-nrt6128-NRT',
27 silly registry.get     'x-cache': 'HIT',
27 silly registry.get     'x-cache-hits': '1',
27 silly registry.get     'x-timer': 'S1442217606.634621,VS0,VE190',
27 silly registry.get     vary: 'Accept' } ]
28 silly addNameRange number 2 { name: 'supervisor', range: '*', hasData: true }
29 silly addNameRange versions [ 'supervisor',
29 silly addNameRange   [ '0.0.4',
29 silly addNameRange     '0.0.5',
29 silly addNameRange     '0.0.6',
29 silly addNameRange     '0.1.0',
29 silly addNameRange     '0.1.1',
29 silly addNameRange     '0.1.2',
29 silly addNameRange     '0.1.3',
29 silly addNameRange     '0.2.0',
29 silly addNameRange     '0.3.0',
29 silly addNameRange     '0.3.1',
29 silly addNameRange     '0.3.2',
29 silly addNameRange     '0.3.3',
29 silly addNameRange     '0.3.4',
29 silly addNameRange     '0.3.5',
29 silly addNameRange     '0.3.6',
29 silly addNameRange     '0.4.0',
29 silly addNameRange     '0.4.1',
29 silly addNameRange     '0.5.0',
29 silly addNameRange     '0.5.1',
29 silly addNameRange     '0.5.2',
29 silly addNameRange     '0.5.3',
29 silly addNameRange     '0.5.4',
29 silly addNameRange     '0.5.5',
29 silly addNameRange     '0.5.6',
29 silly addNameRange     '0.5.7',
29 silly addNameRange     '0.6.0',
29 silly addNameRange     '0.7.0',
29 silly addNameRange     '0.7.1' ] ]
30 verbose addNamed [ 'supervisor', '0.7.1' ]
31 verbose addNamed [ '0.7.1', '0.7.1' ]
32 silly lockFile ec739c78-supervisor-0-7-1 supervisor@0.7.1
33 verbose lock supervisor@0.7.1 D:\nodejs\cache\ec739c78-supervisor-0-7-1.lock
34 silly lockFile 1e8eeb5e--supervisor-supervisor-0-7-1-tgz https://registry.npmjs.org/supervisor/-/supervisor-0.7.1.tgz
35 verbose lock https://registry.npmjs.org/supervisor/-/supervisor-0.7.1.tgz D:\nodejs\cache\1e8eeb5e--supervisor-supervisor-0-7-1-tgz.lock
36 verbose addRemoteTarball [ 'https://registry.npmjs.org/supervisor/-/supervisor-0.7.1.tgz',
36 verbose addRemoteTarball   '602c07acddaad7a1939497160af2872ba367bd26' ]
37 info retry fetch attempt 1 at 15:59:58
38 verbose fetch to= C:\Users\zdf6300\AppData\Local\Temp\1\npm-7136-jAozlpeR\registry.npmjs.org\supervisor\-\supervisor-0.7.1.tgz
39 http GET https://registry.npmjs.org/supervisor/-/supervisor-0.7.1.tgz
40 http 200 https://registry.npmjs.org/supervisor/-/supervisor-0.7.1.tgz
41 silly lockFile 1e8eeb5e--supervisor-supervisor-0-7-1-tgz https://registry.npmjs.org/supervisor/-/supervisor-0.7.1.tgz
42 silly lockFile 1e8eeb5e--supervisor-supervisor-0-7-1-tgz https://registry.npmjs.org/supervisor/-/supervisor-0.7.1.tgz
43 silly lockFile ec739c78-supervisor-0-7-1 supervisor@0.7.1
44 silly lockFile ec739c78-supervisor-0-7-1 supervisor@0.7.1
45 silly lockFile b28163ae-supervisor supervisor@
46 silly lockFile b28163ae-supervisor supervisor@
47 silly resolved [ { name: 'supervisor',
47 silly resolved     version: '0.7.1',
47 silly resolved     description: 'A supervisor program for running nodejs programs',
47 silly resolved     author: { name: 'Isaac Z. Schlueter', email: 'i@izs.me' },
47 silly resolved     contributors:
47 silly resolved      [ [Object],
47 silly resolved        [Object],
47 silly resolved        [Object],
47 silly resolved        [Object],
47 silly resolved        [Object],
47 silly resolved        [Object],
47 silly resolved        [Object],
47 silly resolved        [Object],
47 silly resolved        [Object],
47 silly resolved        [Object],
47 silly resolved        [Object],
47 silly resolved        [Object],
47 silly resolved        [Object],
47 silly resolved        [Object],
47 silly resolved        [Object],
47 silly resolved        [Object],
47 silly resolved        [Object],
47 silly resolved        [Object],
47 silly resolved        [Object],
47 silly resolved        [Object],
47 silly resolved        [Object],
47 silly resolved        [Object],
47 silly resolved        [Object],
47 silly resolved        [Object],
47 silly resolved        [Object],
47 silly resolved        [Object],
47 silly resolved        [Object] ],
47 silly resolved     repository:
47 silly resolved      { type: 'git',
47 silly resolved        url: 'git://github.com/petruisfan/node-supervisor.git' },
47 silly resolved     bugs: { url: 'https://github.com/petruisfan/node-supervisor/issues' },
47 silly resolved     homepage: 'https://github.com/petruisfan/node-supervisor/',
47 silly resolved     main: 'lib/supervisor.js',
47 silly resolved     bin:
47 silly resolved      { 'node-supervisor': 'lib/cli-wrapper.js',
47 silly resolved        supervisor: 'lib/cli-wrapper.js' },
47 silly resolved     engines: { node: '>=0.6.0' },
47 silly resolved     preferGlobal: true,
47 silly resolved     gitHead: '6667bffba2bb359873743204e25bb49e1ce958ea',
47 silly resolved     _id: 'supervisor@0.7.1',
47 silly resolved     scripts: {},
47 silly resolved     _shasum: '602c07acddaad7a1939497160af2872ba367bd26',
47 silly resolved     _from: 'supervisor@',
47 silly resolved     _npmVersion: '2.10.1',
47 silly resolved     _nodeVersion: '0.12.4',
47 silly resolved     _npmUser: { name: 'petruisfan', email: 'petru.isfan@gmail.com' },
47 silly resolved     dist:
47 silly resolved      { shasum: '602c07acddaad7a1939497160af2872ba367bd26',
47 silly resolved        tarball: 'http://registry.npmjs.org/supervisor/-/supervisor-0.7.1.tgz' },
47 silly resolved     maintainers: [ [Object], [Object], [Object] ],
47 silly resolved     directories: {},
47 silly resolved     _resolved: 'https://registry.npmjs.org/supervisor/-/supervisor-0.7.1.tgz' } ]
48 info install supervisor@0.7.1 into C:\Program Files\nodejs
49 info installOne supervisor@0.7.1
50 verbose node_modules\supervisor unbuild
51 verbose tar unpack D:\nodejs\cache\supervisor\0.7.1\package.tgz
52 silly lockFile de3070db-s-nodejs-node-modules-supervisor tar://C:\Program Files\nodejs\node_modules\supervisor
53 verbose lock tar://C:\Program Files\nodejs\node_modules\supervisor D:\nodejs\cache\de3070db-s-nodejs-node-modules-supervisor.lock
54 silly lockFile bc19888f-che-supervisor-0-7-1-package-tgz tar://D:\nodejs\cache\supervisor\0.7.1\package.tgz
55 verbose lock tar://D:\nodejs\cache\supervisor\0.7.1\package.tgz D:\nodejs\cache\bc19888f-che-supervisor-0-7-1-package-tgz.lock
56 silly gunzTarPerm modes [ '777', '666' ]
57 error Error: EPERM, mkdir 'C:\Program Files\nodejs\node_modules\supervisor'
57 error  { [Error: EPERM, mkdir 'C:\Program Files\nodejs\node_modules\supervisor']
57 error   errno: 50,
57 error   code: 'EPERM',
57 error   path: 'C:\\Program Files\\nodejs\\node_modules\\supervisor',
57 error   fstream_type: 'Directory',
57 error   fstream_path: 'C:\\Program Files\\nodejs\\node_modules\\supervisor',
57 error   fstream_class: 'DirWriter',
57 error   fstream_stack:
57 error    [ 'C:\\Program Files\\nodejs\\node_modules\\npm\\node_modules\\fstream\\lib\\dir-writer.js:36:23',
57 error      'C:\\Program Files\\nodejs\\node_modules\\npm\\node_modules\\mkdirp\\index.js:46:53',
57 error      'Object.oncomplete (fs.js:107:15)' ] }
58 error Please try running this command again as root/Administrator.
59 error System Windows_NT 6.1.7601
60 error command "C:\\Program Files\\nodejs\\\\node.exe" "C:\\Program Files\\nodejs\\node_modules\\npm\\bin\\npm-cli.js" "-g" "install" "supervisor"
61 error cwd F:\nodejs\nodeblog
62 error node -v v0.10.33
63 error npm -v 1.4.28
64 error path C:\Program Files\nodejs\node_modules\supervisor
65 error fstream_path C:\Program Files\nodejs\node_modules\supervisor
66 error fstream_type Directory
67 error fstream_class DirWriter
68 error code EPERM
69 error errno 50
70 error stack Error: EPERM, mkdir 'C:\Program Files\nodejs\node_modules\supervisor'
71 error fstream_stack C:\Program Files\nodejs\node_modules\npm\node_modules\fstream\lib\dir-writer.js:36:23
71 error fstream_stack C:\Program Files\nodejs\node_modules\npm\node_modules\mkdirp\index.js:46:53
71 error fstream_stack Object.oncomplete (fs.js:107:15)
72 verbose exit [ 50, true ]
